INFO: kbplacer_plugin_action.py:70: Plugin version: 0.14
INFO: kbplacer_plugin_action.py:71: Python version: '3.13.9 (main, Nov 10 2011, 15:00:00) [GCC 15.2.0]'
INFO: kbplacer_plugin_action.py:72: KiCad version: 9.0.6 with 4.2.4 gtk3 (phoenix) wxWidgets 3.2.8
INFO: kbplacer_dialog.py:631: Language: en
INFO: kbplacer_plugin_action.py:80: GUI state: {"layout_path": "/home/guy/Desktop/KiCad/Guy-s-split-keyboard/PCB/half.json", "key_distance": [19.05, 19.05], "key_info": {"annotation_format": "SW{}", "position_option": "Default", "position": {"x": 0.0, "y": 0.0, "orientation": 0.0, "side": "Front"}, "template_path": ""}, "enable_diode_placement": true, "route_switches_with_diodes": true, "optimize_diodes_orientation": false, "diode_info": {"annotation_format": "D{}", "position_option": "Custom", "position": {"x": 3.5, "y": 0.25, "orientation": 0.0, "side": "Front"}, "template_path": ""}, "additional_elements": [{"annotation_format": "ST{}", "position_option": "Custom", "position": {"x": 0.0, "y": 0.0, "orientation": 0.0, "side": "Front"}, "template_path": ""}], "route_rows_and_columns": false, "template_path": "", "generate_outline": false, "outline_delta": 0.0}
DEBUG: key_placer.py:424: Set key 1U distance: 19050000/19050000
DEBUG: key_placer.py:141: Switches by nets: defaultdict(<class 'list'>, {frozenset({'Col3', 'Row4'}): ['SW21'], frozenset({'Row4', 'Col2'}): ['SW20'], frozenset({'Col1', 'Row4'}): ['SW19'], frozenset({'Row3', 'Col6'}): ['SW18'], frozenset({'Col5', 'Row3'}): ['SW17'], frozenset({'Row3', 'Col4'}): ['SW16'], frozenset({'Col3', 'Row3'}): ['SW15'], frozenset({'Row3', 'Col2'}): ['SW14'], frozenset({'Col1', 'Row3'}): ['SW13'], frozenset({'Row2', 'Col6'}): ['SW12'], frozenset({'Col5', 'Row2'}): ['SW11'], frozenset({'Row2', 'Col4'}): ['SW10'], frozenset({'Col3', 'Row2'}): ['SW9'], frozenset({'Row2', 'Col2'}): ['SW8'], frozenset({'Col1', 'Row2'}): ['SW7'], frozenset({'Row1', 'Col6'}): ['SW6'], frozenset({'Row1', 'Col5'}): ['SW5'], frozenset({'Row1', 'Col4'}): ['SW4'], frozenset({'Row1', 'Col3'}): ['SW3'], frozenset({'Row1', 'Col2'}): ['SW2'], frozenset({'Row1', 'Col1'}): ['SW1']})
DEBUG: key_placer.py:145: Diodes by switch: {'SW21': ['D21'], 'SW20': ['D20'], 'SW19': ['D19'], 'SW18': ['D18'], 'SW17': ['D17'], 'SW16': ['D16'], 'SW15': ['D15'], 'SW14': ['D14'], 'SW13': ['D13'], 'SW12': ['D12'], 'SW11': ['D11'], 'SW10': ['D10'], 'SW9': ['D9'], 'SW8': ['D8'], 'SW7': ['D7'], 'SW6': ['D6'], 'SW5': ['D5'], 'SW4': ['D4'], 'SW3': ['D3'], 'SW2': ['D2'], 'SW1': ['D1']}
INFO: kle_serial.py:931: User layout: [[{'y': 1, 'x': 15}, 'I'], [{'y': -0.875, 'x': 14}, 'U', {'x': 1}, 'O'], [{'y': -0.875, 'x': 13}, 'Y'], [{'y': -0.875, 'x': 17}, 'P'], [{'y': -0.9950000000000001, 'x': 18}, '\nbacksp'], [{'y': -0.3799999999999999, 'x': 15}, 'K'], [{'y': -0.875, 'x': 14}, 'J', {'x': 1}, 'L'], [{'y': -0.875, 'x': 13}, 'H'], [{'y': -0.875, 'x': 17}, ':\n;'], [{'y': -0.9950000000000001, 'x': 18}, '\nenter'], [{'y': -0.3799999999999999, 'x': 15}, '<\n,'], [{'y': -0.875, 'x': 14}, 'M', {'x': 1}, '>\n.'], [{'y': -0.875, 'x': 13}, 'N'], [{'y': -0.875, 'x': 17}, '?\n/'], [{'y': -0.9950000000000001, 'x': 18}, '\nalt'], [{'rx': 13, 'ry': 4.25, 'x': 1.8000000000000007, 'a': 7}, ''], [{'r': -30, 'y': -2, 'x': -1, 'h': 2}, ''], [{'r': -15, 'y': 0.34999999999999964, 'x': 0.40000000000000036}, '']]
DEBUG: key_placer.py:724: Layout offset: (28575000, 28575000)
DEBUG: kle_serial.py:990: Layout with: x_ortholinear_keys=19, y_ortholinear_keys=3, rotated_keys=2, encoders=0, iso_enters=0 and unrecognized_shape_keys=0
DEBUG: kle_serial.py:1015: Layout tagged: [<KeyboardTag.OTHER: 4>]
WARNING: key_placer.py:741: Layout of this kind with missing key matrix annotations may produce unexpected footprint order. For details see: https://github.com/adamws/kicad-kbplacer/blob/master/docs/annotation_guide.md
DEBUG: board_modifier.py:94: Setting SW1 footprint position: (323850000, 57150000)
DEBUG: board_modifier.py:94: Setting SW2 footprint position: (304800000, 59531250)
DEBUG: board_modifier.py:94: Setting SW3 footprint position: (342900000, 59531250)
DEBUG: board_modifier.py:94: Setting SW4 footprint position: (285750000, 61912500)
DEBUG: board_modifier.py:94: Setting SW5 footprint position: (361950000, 64293750)
DEBUG: board_modifier.py:94: Setting SW6 footprint position: (381000000, 64389000)
DEBUG: board_modifier.py:94: Setting SW7 footprint position: (323850000, 76200000)
DEBUG: board_modifier.py:94: Setting SW8 footprint position: (304800000, 78581250)
DEBUG: board_modifier.py:94: Setting SW9 footprint position: (342900000, 78581250)
DEBUG: board_modifier.py:94: Setting SW10 footprint position: (285750000, 80962500)
DEBUG: board_modifier.py:94: Setting SW11 footprint position: (361950000, 83343750)
DEBUG: board_modifier.py:94: Setting SW12 footprint position: (381000000, 83439000)
DEBUG: board_modifier.py:94: Setting SW13 footprint position: (323850000, 95250000)
DEBUG: board_modifier.py:94: Setting SW14 footprint position: (304800000, 97631250)
DEBUG: board_modifier.py:94: Setting SW15 footprint position: (342900000, 97631250)
DEBUG: board_modifier.py:94: Setting SW16 footprint position: (285750000, 100012500)
DEBUG: board_modifier.py:94: Setting SW17 footprint position: (361950000, 102393750)
DEBUG: board_modifier.py:94: Setting SW18 footprint position: (381000000, 102489000)
DEBUG: board_modifier.py:94: Setting SW19 footprint position: (320040000, 119062500)
DEBUG: board_modifier.py:94: Setting SW20 footprint position: (266700000, 109537500)
DEBUG: board_modifier.py:94: Setting SW21 footprint position: (293370000, 125730000)
INFO: key_placer.py:1078: Diode info: [ElementInfo(annotation_format='D{}', position_option=<PositionOption.CUSTOM: 'Custom'>, position=ElementPosition(x=3.5, y=0.25, orientation=0.0, side=<Side.FRONT: 'Front'>), template_path='')]
DEBUG: board_modifier.py:107: Getting SW1 footprint position: (323850000, 57150000)
DEBUG: board_modifier.py:94: Setting D1 footprint position: (327350000, 57400000)
DEBUG: board_modifier.py:107: Getting SW2 footprint position: (304800000, 59531250)
DEBUG: board_modifier.py:94: Setting D2 footprint position: (308300000, 59781250)
DEBUG: board_modifier.py:107: Getting SW3 footprint position: (342900000, 59531250)
DEBUG: board_modifier.py:94: Setting D3 footprint position: (346400000, 59781250)
DEBUG: board_modifier.py:107: Getting SW4 footprint position: (285750000, 61912500)
DEBUG: board_modifier.py:94: Setting D4 footprint position: (289250000, 62162500)
DEBUG: board_modifier.py:107: Getting SW5 footprint position: (361950000, 64293750)
DEBUG: board_modifier.py:94: Setting D5 footprint position: (365450000, 64543750)
DEBUG: board_modifier.py:107: Getting SW6 footprint position: (381000000, 64389000)
DEBUG: board_modifier.py:94: Setting D6 footprint position: (384500000, 64639000)
DEBUG: board_modifier.py:107: Getting SW7 footprint position: (323850000, 76200000)
DEBUG: board_modifier.py:94: Setting D7 footprint position: (327350000, 76450000)
DEBUG: board_modifier.py:107: Getting SW8 footprint position: (304800000, 78581250)
DEBUG: board_modifier.py:94: Setting D8 footprint position: (308300000, 78831250)
DEBUG: board_modifier.py:107: Getting SW9 footprint position: (342900000, 78581250)
DEBUG: board_modifier.py:94: Setting D9 footprint position: (346400000, 78831250)
DEBUG: board_modifier.py:107: Getting SW10 footprint position: (285750000, 80962500)
DEBUG: board_modifier.py:94: Setting D10 footprint position: (289250000, 81212500)
DEBUG: board_modifier.py:107: Getting SW11 footprint position: (361950000, 83343750)
DEBUG: board_modifier.py:94: Setting D11 footprint position: (365450000, 83593750)
DEBUG: board_modifier.py:107: Getting SW12 footprint position: (381000000, 83439000)
DEBUG: board_modifier.py:94: Setting D12 footprint position: (384500000, 83689000)
DEBUG: board_modifier.py:107: Getting SW13 footprint position: (323850000, 95250000)
DEBUG: board_modifier.py:94: Setting D13 footprint position: (327350000, 95500000)
DEBUG: board_modifier.py:107: Getting SW14 footprint position: (304800000, 97631250)
DEBUG: board_modifier.py:94: Setting D14 footprint position: (308300000, 97881250)
DEBUG: board_modifier.py:107: Getting SW15 footprint position: (342900000, 97631250)
DEBUG: board_modifier.py:94: Setting D15 footprint position: (346400000, 97881250)
DEBUG: board_modifier.py:107: Getting SW16 footprint position: (285750000, 100012500)
DEBUG: board_modifier.py:94: Setting D16 footprint position: (289250000, 100262500)
DEBUG: board_modifier.py:107: Getting SW17 footprint position: (361950000, 102393750)
DEBUG: board_modifier.py:94: Setting D17 footprint position: (365450000, 102643750)
DEBUG: board_modifier.py:107: Getting SW18 footprint position: (381000000, 102489000)
DEBUG: board_modifier.py:94: Setting D18 footprint position: (384500000, 102739000)
DEBUG: board_modifier.py:107: Getting SW19 footprint position: (320040000, 119062500)
DEBUG: board_modifier.py:94: Setting D19 footprint position: (323540000, 119312500)
DEBUG: board_modifier.py:107: Getting SW20 footprint position: (267976108, 114300000)
DEBUG: board_modifier.py:94: Setting D20 footprint position: (271132196, 112766507)
DEBUG: board_modifier.py:107: Getting D20 footprint position: (271132196, 112766507)
DEBUG: board_modifier.py:107: Getting SW21 footprint position: (296976726, 120740801)
DEBUG: board_modifier.py:94: Setting D21 footprint position: (300422171, 120076416)
DEBUG: board_modifier.py:107: Getting D21 footprint position: (300422171, 120076416)
DEBUG: key_placer.py:854: Placing additional elements for SW21
DEBUG: board_modifier.py:107: Getting SW21 footprint position: (296976726, 120740801)
DEBUG: board_modifier.py:84: Searching for optional ST21 footprint in /home/guy/Desktop/KiCad/Guy-s-split-keyboard/PCB/Guys-split-keyboard/Guys-split-keyboard.kicad_pcb
DEBUG: board_modifier.py:89: Footprint not found
DEBUG: key_placer.py:854: Placing additional elements for SW20
DEBUG: board_modifier.py:107: Getting SW20 footprint position: (267976108, 114300000)
DEBUG: board_modifier.py:84: Searching for optional ST20 footprint in /home/guy/Desktop/KiCad/Guy-s-split-keyboard/PCB/Guys-split-keyboard/Guys-split-keyboard.kicad_pcb
DEBUG: board_modifier.py:89: Footprint not found
DEBUG: key_placer.py:854: Placing additional elements for SW19
DEBUG: board_modifier.py:107: Getting SW19 footprint position: (320040000, 119062500)
DEBUG: board_modifier.py:84: Searching for optional ST19 footprint in /home/guy/Desktop/KiCad/Guy-s-split-keyboard/PCB/Guys-split-keyboard/Guys-split-keyboard.kicad_pcb
DEBUG: board_modifier.py:89: Footprint not found
DEBUG: key_placer.py:854: Placing additional elements for SW18
DEBUG: board_modifier.py:107: Getting SW18 footprint position: (381000000, 102489000)
DEBUG: board_modifier.py:84: Searching for optional ST18 footprint in /home/guy/Desktop/KiCad/Guy-s-split-keyboard/PCB/Guys-split-keyboard/Guys-split-keyboard.kicad_pcb
DEBUG: board_modifier.py:89: Footprint not found
DEBUG: key_placer.py:854: Placing additional elements for SW17
DEBUG: board_modifier.py:107: Getting SW17 footprint position: (361950000, 102393750)
DEBUG: board_modifier.py:84: Searching for optional ST17 footprint in /home/guy/Desktop/KiCad/Guy-s-split-keyboard/PCB/Guys-split-keyboard/Guys-split-keyboard.kicad_pcb
DEBUG: board_modifier.py:89: Footprint not found
DEBUG: key_placer.py:854: Placing additional elements for SW16
DEBUG: board_modifier.py:107: Getting SW16 footprint position: (285750000, 100012500)
DEBUG: board_modifier.py:84: Searching for optional ST16 footprint in /home/guy/Desktop/KiCad/Guy-s-split-keyboard/PCB/Guys-split-keyboard/Guys-split-keyboard.kicad_pcb
DEBUG: board_modifier.py:89: Footprint not found
DEBUG: key_placer.py:854: Placing additional elements for SW15
DEBUG: board_modifier.py:107: Getting SW15 footprint position: (342900000, 97631250)
DEBUG: board_modifier.py:84: Searching for optional ST15 footprint in /home/guy/Desktop/KiCad/Guy-s-split-keyboard/PCB/Guys-split-keyboard/Guys-split-keyboard.kicad_pcb
DEBUG: board_modifier.py:89: Footprint not found
DEBUG: key_placer.py:854: Placing additional elements for SW14
DEBUG: board_modifier.py:107: Getting SW14 footprint position: (304800000, 97631250)
DEBUG: board_modifier.py:84: Searching for optional ST14 footprint in /home/guy/Desktop/KiCad/Guy-s-split-keyboard/PCB/Guys-split-keyboard/Guys-split-keyboard.kicad_pcb
DEBUG: board_modifier.py:89: Footprint not found
DEBUG: key_placer.py:854: Placing additional elements for SW13
DEBUG: board_modifier.py:107: Getting SW13 footprint position: (323850000, 95250000)
DEBUG: board_modifier.py:84: Searching for optional ST13 footprint in /home/guy/Desktop/KiCad/Guy-s-split-keyboard/PCB/Guys-split-keyboard/Guys-split-keyboard.kicad_pcb
DEBUG: board_modifier.py:89: Footprint not found
DEBUG: key_placer.py:854: Placing additional elements for SW12
DEBUG: board_modifier.py:107: Getting SW12 footprint position: (381000000, 83439000)
DEBUG: board_modifier.py:84: Searching for optional ST12 footprint in /home/guy/Desktop/KiCad/Guy-s-split-keyboard/PCB/Guys-split-keyboard/Guys-split-keyboard.kicad_pcb
DEBUG: board_modifier.py:89: Footprint not found
DEBUG: key_placer.py:854: Placing additional elements for SW11
DEBUG: board_modifier.py:107: Getting SW11 footprint position: (361950000, 83343750)
DEBUG: board_modifier.py:84: Searching for optional ST11 footprint in /home/guy/Desktop/KiCad/Guy-s-split-keyboard/PCB/Guys-split-keyboard/Guys-split-keyboard.kicad_pcb
DEBUG: board_modifier.py:89: Footprint not found
DEBUG: key_placer.py:854: Placing additional elements for SW10
DEBUG: board_modifier.py:107: Getting SW10 footprint position: (285750000, 80962500)
DEBUG: board_modifier.py:84: Searching for optional ST10 footprint in /home/guy/Desktop/KiCad/Guy-s-split-keyboard/PCB/Guys-split-keyboard/Guys-split-keyboard.kicad_pcb
DEBUG: board_modifier.py:89: Footprint not found
DEBUG: key_placer.py:854: Placing additional elements for SW9
DEBUG: board_modifier.py:107: Getting SW9 footprint position: (342900000, 78581250)
DEBUG: board_modifier.py:84: Searching for optional ST9 footprint in /home/guy/Desktop/KiCad/Guy-s-split-keyboard/PCB/Guys-split-keyboard/Guys-split-keyboard.kicad_pcb
DEBUG: board_modifier.py:89: Footprint not found
DEBUG: key_placer.py:854: Placing additional elements for SW8
DEBUG: board_modifier.py:107: Getting SW8 footprint position: (304800000, 78581250)
DEBUG: board_modifier.py:84: Searching for optional ST8 footprint in /home/guy/Desktop/KiCad/Guy-s-split-keyboard/PCB/Guys-split-keyboard/Guys-split-keyboard.kicad_pcb
DEBUG: board_modifier.py:89: Footprint not found
DEBUG: key_placer.py:854: Placing additional elements for SW7
DEBUG: board_modifier.py:107: Getting SW7 footprint position: (323850000, 76200000)
DEBUG: board_modifier.py:84: Searching for optional ST7 footprint in /home/guy/Desktop/KiCad/Guy-s-split-keyboard/PCB/Guys-split-keyboard/Guys-split-keyboard.kicad_pcb
DEBUG: board_modifier.py:89: Footprint not found
DEBUG: key_placer.py:854: Placing additional elements for SW6
DEBUG: board_modifier.py:107: Getting SW6 footprint position: (381000000, 64389000)
DEBUG: board_modifier.py:84: Searching for optional ST6 footprint in /home/guy/Desktop/KiCad/Guy-s-split-keyboard/PCB/Guys-split-keyboard/Guys-split-keyboard.kicad_pcb
DEBUG: board_modifier.py:89: Footprint not found
DEBUG: key_placer.py:854: Placing additional elements for SW5
DEBUG: board_modifier.py:107: Getting SW5 footprint position: (361950000, 64293750)
DEBUG: board_modifier.py:84: Searching for optional ST5 footprint in /home/guy/Desktop/KiCad/Guy-s-split-keyboard/PCB/Guys-split-keyboard/Guys-split-keyboard.kicad_pcb
DEBUG: board_modifier.py:89: Footprint not found
DEBUG: key_placer.py:854: Placing additional elements for SW4
DEBUG: board_modifier.py:107: Getting SW4 footprint position: (285750000, 61912500)
DEBUG: board_modifier.py:84: Searching for optional ST4 footprint in /home/guy/Desktop/KiCad/Guy-s-split-keyboard/PCB/Guys-split-keyboard/Guys-split-keyboard.kicad_pcb
DEBUG: board_modifier.py:89: Footprint not found
DEBUG: key_placer.py:854: Placing additional elements for SW3
DEBUG: board_modifier.py:107: Getting SW3 footprint position: (342900000, 59531250)
DEBUG: board_modifier.py:84: Searching for optional ST3 footprint in /home/guy/Desktop/KiCad/Guy-s-split-keyboard/PCB/Guys-split-keyboard/Guys-split-keyboard.kicad_pcb
DEBUG: board_modifier.py:89: Footprint not found
DEBUG: key_placer.py:854: Placing additional elements for SW2
DEBUG: board_modifier.py:107: Getting SW2 footprint position: (304800000, 59531250)
DEBUG: board_modifier.py:84: Searching for optional ST2 footprint in /home/guy/Desktop/KiCad/Guy-s-split-keyboard/PCB/Guys-split-keyboard/Guys-split-keyboard.kicad_pcb
DEBUG: board_modifier.py:89: Footprint not found
DEBUG: key_placer.py:854: Placing additional elements for SW1
DEBUG: board_modifier.py:107: Getting SW1 footprint position: (323850000, 57150000)
DEBUG: board_modifier.py:84: Searching for optional ST1 footprint in /home/guy/Desktop/KiCad/Guy-s-split-keyboard/PCB/Guys-split-keyboard/Guys-split-keyboard.kicad_pcb
DEBUG: board_modifier.py:89: Footprint not found
INFO: key_placer.py:486: Routing SW21 with D21
INFO: key_placer.py:488: Using internal autorouter method
DEBUG: board_modifier.py:541: Routing at F.Cu layer
DEBUG: board_modifier.py:558: Netclass: Default, track width: 200000
DEBUG: board_modifier.py:620: Routing pad 'SW21:2' at (300976343, 125621945) with pad 'D21:2' at (302015949, 119649365) using coordinate system rotated by 345.0 degree(s)
INFO: board_modifier.py:464: Adding track segment (F.Cu): [(300976343, 125621945), (300212825, 122772464)]
INFO: board_modifier.py:469: Track added
INFO: board_modifier.py:464: Adding track segment (F.Cu): [(300212825, 122772464), (302015949, 119649365)]
INFO: board_modifier.py:469: Track added
INFO: key_placer.py:486: Routing SW20 with D20
INFO: key_placer.py:488: Using internal autorouter method
DEBUG: board_modifier.py:541: Routing at F.Cu layer
DEBUG: board_modifier.py:558: Netclass: Default, track width: 200000
DEBUG: board_modifier.py:620: Routing pad 'SW20:2' at (273102774, 117979646) with pad 'D20:2' at (272561138, 111941507) using coordinate system rotated by 330.0 degree(s)
INFO: board_modifier.py:464: Adding track segment (F.Cu): [(273102774, 117979646), (271627773, 115424869)]
INFO: board_modifier.py:469: Track added
INFO: board_modifier.py:464: Adding track segment (F.Cu): [(271627773, 115424869), (272561138, 111941507)]
INFO: board_modifier.py:469: Track added
INFO: key_placer.py:486: Routing SW19 with D19
INFO: key_placer.py:488: Using internal autorouter method
DEBUG: board_modifier.py:541: Routing at F.Cu layer
DEBUG: board_modifier.py:558: Netclass: Default, track width: 200000
DEBUG: board_modifier.py:620: Routing pad 'SW19:2' at (322640000, 124812500) with pad 'D19:2' at (325190000, 119312500) using coordinate system rotated by 0 degree(s)
INFO: board_modifier.py:464: Adding track segment (F.Cu): [(322640000, 124812500), (322640000, 121862500)]
INFO: board_modifier.py:469: Track added
INFO: board_modifier.py:464: Adding track segment (F.Cu): [(322640000, 121862500), (325190000, 119312500)]
INFO: board_modifier.py:469: Track added
INFO: key_placer.py:486: Routing SW18 with D18
INFO: key_placer.py:488: Using internal autorouter method
DEBUG: board_modifier.py:541: Routing at F.Cu layer
DEBUG: board_modifier.py:558: Netclass: Default, track width: 200000
DEBUG: board_modifier.py:620: Routing pad 'SW18:2' at (383600000, 108239000) with pad 'D18:2' at (386150000, 102739000) using coordinate system rotated by 0 degree(s)
INFO: board_modifier.py:464: Adding track segment (F.Cu): [(383600000, 108239000), (383600000, 105289000)]
INFO: board_modifier.py:469: Track added
INFO: board_modifier.py:464: Adding track segment (F.Cu): [(383600000, 105289000), (386150000, 102739000)]
INFO: board_modifier.py:469: Track added
INFO: key_placer.py:486: Routing SW17 with D17
INFO: key_placer.py:488: Using internal autorouter method
DEBUG: board_modifier.py:541: Routing at F.Cu layer
DEBUG: board_modifier.py:558: Netclass: Default, track width: 200000
DEBUG: board_modifier.py:620: Routing pad 'SW17:2' at (364550000, 108143750) with pad 'D17:2' at (367100000, 102643750) using coordinate system rotated by 0 degree(s)
INFO: board_modifier.py:464: Adding track segment (F.Cu): [(364550000, 108143750), (364550000, 105193750)]
INFO: board_modifier.py:469: Track added
INFO: board_modifier.py:464: Adding track segment (F.Cu): [(364550000, 105193750), (367100000, 102643750)]
INFO: board_modifier.py:469: Track added
INFO: key_placer.py:486: Routing SW16 with D16
INFO: key_placer.py:488: Using internal autorouter method
DEBUG: board_modifier.py:541: Routing at F.Cu layer
DEBUG: board_modifier.py:558: Netclass: Default, track width: 200000
DEBUG: board_modifier.py:620: Routing pad 'SW16:2' at (288350000, 105762500) with pad 'D16:2' at (290900000, 100262500) using coordinate system rotated by 0 degree(s)
INFO: board_modifier.py:464: Adding track segment (F.Cu): [(288350000, 105762500), (288350000, 102812500)]
INFO: board_modifier.py:469: Track added
INFO: board_modifier.py:464: Adding track segment (F.Cu): [(288350000, 102812500), (290900000, 100262500)]
INFO: board_modifier.py:469: Track added
INFO: key_placer.py:486: Routing SW15 with D15
INFO: key_placer.py:488: Using internal autorouter method
DEBUG: board_modifier.py:541: Routing at F.Cu layer
DEBUG: board_modifier.py:558: Netclass: Default, track width: 200000
DEBUG: board_modifier.py:620: Routing pad 'SW15:2' at (345500000, 103381250) with pad 'D15:2' at (348050000, 97881250) using coordinate system rotated by 0 degree(s)
INFO: board_modifier.py:464: Adding track segment (F.Cu): [(345500000, 103381250), (345500000, 100431250)]
INFO: board_modifier.py:469: Track added
INFO: board_modifier.py:464: Adding track segment (F.Cu): [(345500000, 100431250), (348050000, 97881250)]
INFO: board_modifier.py:469: Track added
INFO: key_placer.py:486: Routing SW14 with D14
INFO: key_placer.py:488: Using internal autorouter method
DEBUG: board_modifier.py:541: Routing at F.Cu layer
DEBUG: board_modifier.py:558: Netclass: Default, track width: 200000
DEBUG: board_modifier.py:620: Routing pad 'SW14:2' at (307400000, 103381250) with pad 'D14:2' at (309950000, 97881250) using coordinate system rotated by 0 degree(s)
INFO: board_modifier.py:464: Adding track segment (F.Cu): [(307400000, 103381250), (307400000, 100431250)]
INFO: board_modifier.py:469: Track added
INFO: board_modifier.py:464: Adding track segment (F.Cu): [(307400000, 100431250), (309950000, 97881250)]
INFO: board_modifier.py:469: Track added
INFO: key_placer.py:486: Routing SW13 with D13
INFO: key_placer.py:488: Using internal autorouter method
DEBUG: board_modifier.py:541: Routing at F.Cu layer
DEBUG: board_modifier.py:558: Netclass: Default, track width: 200000
DEBUG: board_modifier.py:620: Routing pad 'SW13:2' at (326450000, 101000000) with pad 'D13:2' at (329000000, 95500000) using coordinate system rotated by 0 degree(s)
INFO: board_modifier.py:464: Adding track segment (F.Cu): [(326450000, 101000000), (326450000, 98050000)]
INFO: board_modifier.py:469: Track added
INFO: board_modifier.py:464: Adding track segment (F.Cu): [(326450000, 98050000), (329000000, 95500000)]
INFO: board_modifier.py:469: Track added
INFO: key_placer.py:486: Routing SW12 with D12
INFO: key_placer.py:488: Using internal autorouter method
DEBUG: board_modifier.py:541: Routing at F.Cu layer
DEBUG: board_modifier.py:558: Netclass: Default, track width: 200000
DEBUG: board_modifier.py:620: Routing pad 'SW12:2' at (383600000, 89189000) with pad 'D12:2' at (386150000, 83689000) using coordinate system rotated by 0 degree(s)
INFO: board_modifier.py:464: Adding track segment (F.Cu): [(383600000, 89189000), (383600000, 86239000)]
INFO: board_modifier.py:469: Track added
INFO: board_modifier.py:464: Adding track segment (F.Cu): [(383600000, 86239000), (386150000, 83689000)]
INFO: board_modifier.py:469: Track added
INFO: key_placer.py:486: Routing SW11 with D11
INFO: key_placer.py:488: Using internal autorouter method
DEBUG: board_modifier.py:541: Routing at F.Cu layer
DEBUG: board_modifier.py:558: Netclass: Default, track width: 200000
DEBUG: board_modifier.py:620: Routing pad 'SW11:2' at (364550000, 89093750) with pad 'D11:2' at (367100000, 83593750) using coordinate system rotated by 0 degree(s)
INFO: board_modifier.py:464: Adding track segment (F.Cu): [(364550000, 89093750), (364550000, 86143750)]
INFO: board_modifier.py:469: Track added
INFO: board_modifier.py:464: Adding track segment (F.Cu): [(364550000, 86143750), (367100000, 83593750)]
INFO: board_modifier.py:469: Track added
INFO: key_placer.py:486: Routing SW10 with D10
INFO: key_placer.py:488: Using internal autorouter method
DEBUG: board_modifier.py:541: Routing at F.Cu layer
DEBUG: board_modifier.py:558: Netclass: Default, track width: 200000
DEBUG: board_modifier.py:620: Routing pad 'SW10:2' at (288350000, 86712500) with pad 'D10:2' at (290900000, 81212500) using coordinate system rotated by 0 degree(s)
INFO: board_modifier.py:464: Adding track segment (F.Cu): [(288350000, 86712500), (288350000, 83762500)]
INFO: board_modifier.py:469: Track added
INFO: board_modifier.py:464: Adding track segment (F.Cu): [(288350000, 83762500), (290900000, 81212500)]
INFO: board_modifier.py:469: Track added
INFO: key_placer.py:486: Routing SW9 with D9
INFO: key_placer.py:488: Using internal autorouter method
DEBUG: board_modifier.py:541: Routing at F.Cu layer
DEBUG: board_modifier.py:558: Netclass: Default, track width: 200000
DEBUG: board_modifier.py:620: Routing pad 'SW9:2' at (345500000, 84331250) with pad 'D9:2' at (348050000, 78831250) using coordinate system rotated by 0 degree(s)
INFO: board_modifier.py:464: Adding track segment (F.Cu): [(345500000, 84331250), (345500000, 81381250)]
INFO: board_modifier.py:469: Track added
INFO: board_modifier.py:464: Adding track segment (F.Cu): [(345500000, 81381250), (348050000, 78831250)]
INFO: board_modifier.py:469: Track added
INFO: key_placer.py:486: Routing SW8 with D8
INFO: key_placer.py:488: Using internal autorouter method
DEBUG: board_modifier.py:541: Routing at F.Cu layer
DEBUG: board_modifier.py:558: Netclass: Default, track width: 200000
DEBUG: board_modifier.py:620: Routing pad 'SW8:2' at (307400000, 84331250) with pad 'D8:2' at (309950000, 78831250) using coordinate system rotated by 0 degree(s)
INFO: board_modifier.py:464: Adding track segment (F.Cu): [(307400000, 84331250), (307400000, 81381250)]
INFO: board_modifier.py:469: Track added
INFO: board_modifier.py:464: Adding track segment (F.Cu): [(307400000, 81381250), (309950000, 78831250)]
INFO: board_modifier.py:469: Track added
INFO: key_placer.py:486: Routing SW7 with D7
INFO: key_placer.py:488: Using internal autorouter method
DEBUG: board_modifier.py:541: Routing at F.Cu layer
DEBUG: board_modifier.py:558: Netclass: Default, track width: 200000
DEBUG: board_modifier.py:620: Routing pad 'SW7:2' at (326450000, 81950000) with pad 'D7:2' at (329000000, 76450000) using coordinate system rotated by 0 degree(s)
INFO: board_modifier.py:464: Adding track segment (F.Cu): [(326450000, 81950000), (326450000, 79000000)]
INFO: board_modifier.py:469: Track added
INFO: board_modifier.py:464: Adding track segment (F.Cu): [(326450000, 79000000), (329000000, 76450000)]
INFO: board_modifier.py:469: Track added
INFO: key_placer.py:486: Routing SW6 with D6
INFO: key_placer.py:488: Using internal autorouter method
DEBUG: board_modifier.py:541: Routing at F.Cu layer
DEBUG: board_modifier.py:558: Netclass: Default, track width: 200000
DEBUG: board_modifier.py:620: Routing pad 'SW6:2' at (383600000, 70139000) with pad 'D6:2' at (386150000, 64639000) using coordinate system rotated by 0 degree(s)
INFO: board_modifier.py:464: Adding track segment (F.Cu): [(383600000, 70139000), (383600000, 67189000)]
INFO: board_modifier.py:469: Track added
INFO: board_modifier.py:464: Adding track segment (F.Cu): [(383600000, 67189000), (386150000, 64639000)]
INFO: board_modifier.py:469: Track added
INFO: key_placer.py:486: Routing SW5 with D5
INFO: key_placer.py:488: Using internal autorouter method
DEBUG: board_modifier.py:541: Routing at F.Cu layer
DEBUG: board_modifier.py:558: Netclass: Default, track width: 200000
DEBUG: board_modifier.py:620: Routing pad 'SW5:2' at (364550000, 70043750) with pad 'D5:2' at (367100000, 64543750) using coordinate system rotated by 0 degree(s)
INFO: board_modifier.py:464: Adding track segment (F.Cu): [(364550000, 70043750), (364550000, 67093750)]
INFO: board_modifier.py:469: Track added
INFO: board_modifier.py:464: Adding track segment (F.Cu): [(364550000, 67093750), (367100000, 64543750)]
INFO: board_modifier.py:469: Track added
INFO: key_placer.py:486: Routing SW4 with D4
INFO: key_placer.py:488: Using internal autorouter method
DEBUG: board_modifier.py:541: Routing at F.Cu layer
DEBUG: board_modifier.py:558: Netclass: Default, track width: 200000
DEBUG: board_modifier.py:620: Routing pad 'SW4:2' at (288350000, 67662500) with pad 'D4:2' at (290900000, 62162500) using coordinate system rotated by 0 degree(s)
INFO: board_modifier.py:464: Adding track segment (F.Cu): [(288350000, 67662500), (288350000, 64712500)]
INFO: board_modifier.py:469: Track added
INFO: board_modifier.py:464: Adding track segment (F.Cu): [(288350000, 64712500), (290900000, 62162500)]
INFO: board_modifier.py:469: Track added
INFO: key_placer.py:486: Routing SW3 with D3
INFO: key_placer.py:488: Using internal autorouter method
DEBUG: board_modifier.py:541: Routing at F.Cu layer
DEBUG: board_modifier.py:558: Netclass: Default, track width: 200000
DEBUG: board_modifier.py:620: Routing pad 'SW3:2' at (345500000, 65281250) with pad 'D3:2' at (348050000, 59781250) using coordinate system rotated by 0 degree(s)
INFO: board_modifier.py:464: Adding track segment (F.Cu): [(345500000, 65281250), (345500000, 62331250)]
INFO: board_modifier.py:469: Track added
INFO: board_modifier.py:464: Adding track segment (F.Cu): [(345500000, 62331250), (348050000, 59781250)]
INFO: board_modifier.py:469: Track added
INFO: key_placer.py:486: Routing SW2 with D2
INFO: key_placer.py:488: Using internal autorouter method
DEBUG: board_modifier.py:541: Routing at F.Cu layer
DEBUG: board_modifier.py:558: Netclass: Default, track width: 200000
DEBUG: board_modifier.py:620: Routing pad 'SW2:2' at (307400000, 65281250) with pad 'D2:2' at (309950000, 59781250) using coordinate system rotated by 0 degree(s)
INFO: board_modifier.py:464: Adding track segment (F.Cu): [(307400000, 65281250), (307400000, 62331250)]
INFO: board_modifier.py:469: Track added
INFO: board_modifier.py:464: Adding track segment (F.Cu): [(307400000, 62331250), (309950000, 59781250)]
INFO: board_modifier.py:469: Track added
INFO: key_placer.py:486: Routing SW1 with D1
INFO: key_placer.py:488: Using internal autorouter method
DEBUG: board_modifier.py:541: Routing at F.Cu layer
DEBUG: board_modifier.py:558: Netclass: Default, track width: 200000
DEBUG: board_modifier.py:620: Routing pad 'SW1:2' at (326450000, 62900000) with pad 'D1:2' at (329000000, 57400000) using coordinate system rotated by 0 degree(s)
INFO: board_modifier.py:464: Adding track segment (F.Cu): [(326450000, 62900000), (326450000, 59950000)]
INFO: board_modifier.py:469: Track added
INFO: board_modifier.py:464: Adding track segment (F.Cu): [(326450000, 59950000), (329000000, 57400000)]
INFO: board_modifier.py:469: Track added
INFO: key_placer.py:520: Removing dangling tracks
